This file contains any messages produced by compilers while
running configure, to aid debugging if configure makes a mistake.

It was created by fitd configure 0.1, which was
generated by GNU Autoconf 2.59.  Invocation command line was

  $ ./configure 

## --------- ##
## Platform. ##
## --------- ##

hostname = galois
uname -m = x86_64
uname -r = 3.16.0-38-generic
uname -s = Linux
uname -v = #52~14.04.1-Ubuntu SMP Fri May 8 09:43:57 UTC 2015

/usr/bin/uname -p = unknown
/bin/uname -X     = unknown

/bin/arch              = unknown
/usr/bin/arch -k       = unknown
/usr/convex/getsysinfo = unknown
hostinfo               = unknown
/bin/machine           = unknown
/usr/bin/oslevel       = unknown
/bin/universe          = unknown

PATH: /usr/local/sbin
PATH: /usr/local/bin
PATH: /usr/sbin
PATH: /usr/bin
PATH: /sbin
PATH: /bin
PATH: /usr/games
PATH: /usr/local/games
PATH: /usr/lib/jvm/java-8-oracle/bin
PATH: /usr/lib/jvm/java-8-oracle/db/bin
PATH: /usr/lib/jvm/java-8-oracle/jre/bin


## ----------- ##
## Core tests. ##
## ----------- ##

configure:1379: checking build system type
configure:1397: result: x86_64-unknown-linux-gnu
configure:1405: checking host system type
configure:1419: result: x86_64-unknown-linux-gnu
configure:1427: checking target system type
configure:1441: result: x86_64-unknown-linux-gnu
configure:1470: checking for a BSD-compatible install
configure:1525: result: /usr/bin/install -c
configure:1536: checking whether build environment is sane
configure:1579: result: yes
configure:1636: checking for gawk
configure:1652: found /usr/bin/gawk
configure:1662: result: gawk
configure:1672: checking whether make sets $(MAKE)
configure:1692: result: yes
configure:1859: checking whether make sets $(MAKE)
configure:1879: result: yes
configure:1900: checking for style of include used by make
configure:1928: result: GNU
configure:1999: checking for gcc
configure:2015: found /usr/bin/gcc
configure:2025: result: gcc
configure:2269: checking for C compiler version
configure:2272: gcc --version </dev/null >&5
gcc (Ubuntu 4.8.4-2ubuntu1~14.04) 4.8.4
Copyright (C) 2013 Free Software Foundation, Inc.
This is free software; see the source for copying conditions.  There is NO
warranty; not even for MERCHANTABILITY or FITNESS FOR A PARTICULAR PURPOSE.

configure:2275: $? = 0
configure:2277: gcc -v </dev/null >&5
Using built-in specs.
COLLECT_GCC=gcc
COLLECT_LTO_WRAPPER=/usr/lib/gcc/x86_64-linux-gnu/4.8/lto-wrapper
Target: x86_64-linux-gnu
Configured with: ../src/configure -v --with-pkgversion='Ubuntu 4.8.4-2ubuntu1~14.04' --with-bugurl=file:///usr/share/doc/gcc-4.8/README.Bugs --enable-languages=c,c++,java,go,d,fortran,objc,obj-c++ --prefix=/usr --program-suffix=-4.8 --enable-shared --enable-linker-build-id --libexecdir=/usr/lib --without-included-gettext --enable-threads=posix --with-gxx-include-dir=/usr/include/c++/4.8 --libdir=/usr/lib --enable-nls --with-sysroot=/ --enable-clocale=gnu --enable-libstdcxx-debug --enable-libstdcxx-time=yes --enable-gnu-unique-object --disable-libmudflap --enable-plugin --with-system-zlib --disable-browser-plugin --enable-java-awt=gtk --enable-gtk-cairo --with-java-home=/usr/lib/jvm/java-1.5.0-gcj-4.8-amd64/jre --enable-java-home --with-jvm-root-dir=/usr/lib/jvm/java-1.5.0-gcj-4.8-amd64 --with-jvm-jar-dir=/usr/lib/jvm-exports/java-1.5.0-gcj-4.8-amd64 --with-arch-directory=amd64 --with-ecj-jar=/usr/share/java/eclipse-ecj.jar --enable-objc-gc --enable-multiarch --disable-werror --with-arch-32=i686 --with-abi=m64 --with-multilib-list=m32,m64,mx32 --with-tune=generic --enable-checking=release --build=x86_64-linux-gnu --host=x86_64-linux-gnu --target=x86_64-linux-gnu
Thread model: posix
gcc version 4.8.4 (Ubuntu 4.8.4-2ubuntu1~14.04) 
configure:2280: $? = 0
configure:2282: gcc -V </dev/null >&5
gcc: error: unrecognized command line option '-V'
gcc: fatal error: no input files
compilation terminated.
configure:2285: $? = 4
configure:2308: checking for C compiler default output file name
configure:2311: gcc    conftest.c  >&5
configure:2314: $? = 0
configure:2360: result: a.out
configure:2365: checking whether the C compiler works
configure:2371: ./a.out
configure:2374: $? = 0
configure:2391: result: yes
configure:2398: checking whether we are cross compiling
configure:2400: result: no
configure:2403: checking for suffix of executables
configure:2405: gcc -o conftest    conftest.c  >&5
configure:2408: $? = 0
configure:2433: result: 
configure:2439: checking for suffix of object files
configure:2460: gcc -c   conftest.c >&5
configure:2463: $? = 0
configure:2485: result: o
configure:2489: checking whether we are using the GNU C compiler
configure:2513: gcc -c   conftest.c >&5
configure:2519: $? = 0
configure:2522: test -z 			 || test ! -s conftest.err
configure:2525: $? = 0
configure:2528: test -s conftest.o
configure:2531: $? = 0
configure:2544: result: yes
configure:2550: checking whether gcc accepts -g
configure:2571: gcc -c -g  conftest.c >&5
configure:2577: $? = 0
configure:2580: test -z 			 || test ! -s conftest.err
configure:2583: $? = 0
configure:2586: test -s conftest.o
configure:2589: $? = 0
configure:2600: result: yes
configure:2617: checking for gcc option to accept ANSI C
configure:2687: gcc  -c -g -O2  conftest.c >&5
configure:2693: $? = 0
configure:2696: test -z 			 || test ! -s conftest.err
configure:2699: $? = 0
configure:2702: test -s conftest.o
configure:2705: $? = 0
configure:2723: result: none needed
configure:2741: gcc -c -g -O2  conftest.c >&5
conftest.c:2:3: error: unknown type name 'choke'
   choke me
   ^
conftest.c:2:3: error: expected '=', ',', ';', 'asm' or '__attribute__' at end of input
configure:2747: $? = 1
configure: failed program was:
| #ifndef __cplusplus
|   choke me
| #endif
configure:2879: checking dependency style of gcc
configure:2969: result: gcc3
configure:2992: checking how to run the C preprocessor
configure:3027: gcc -E  conftest.c
configure:3033: $? = 0
configure:3065: gcc -E  conftest.c
conftest.c:11:28: fatal error: ac_nonexistent.h: No such file or directory
 #include <ac_nonexistent.h>
                            ^
compilation terminated.
configure:3071: $? = 1
configure: failed program was:
| /* confdefs.h.  */
| 
| #define PACKAGE_NAME "fitd"
| #define PACKAGE_TARNAME "fitd"
| #define PACKAGE_VERSION "0.1"
| #define PACKAGE_STRING "fitd 0.1"
| #define PACKAGE_BUGREPORT ""
| #define PACKAGE "fitd"
| #define VERSION "0.1"
| /* end confdefs.h.  */
| #include <ac_nonexistent.h>
configure:3110: result: gcc -E
configure:3134: gcc -E  conftest.c
configure:3140: $? = 0
configure:3172: gcc -E  conftest.c
conftest.c:11:28: fatal error: ac_nonexistent.h: No such file or directory
 #include <ac_nonexistent.h>
                            ^
compilation terminated.
configure:3178: $? = 1
configure: failed program was:
| /* confdefs.h.  */
| 
| #define PACKAGE_NAME "fitd"
| #define PACKAGE_TARNAME "fitd"
| #define PACKAGE_VERSION "0.1"
| #define PACKAGE_STRING "fitd 0.1"
| #define PACKAGE_BUGREPORT ""
| #define PACKAGE "fitd"
| #define VERSION "0.1"
| /* end confdefs.h.  */
| #include <ac_nonexistent.h>
configure:3222: checking for egrep
configure:3232: result: grep -E
configure:3237: checking for ANSI C header files
configure:3262: gcc -c -g -O2  conftest.c >&5
configure:3268: $? = 0
configure:3271: test -z 			 || test ! -s conftest.err
configure:3274: $? = 0
configure:3277: test -s conftest.o
configure:3280: $? = 0
configure:3369: gcc -o conftest -g -O2   conftest.c  >&5
conftest.c: In function 'main':
conftest.c:28:7: warning: incompatible implicit declaration of built-in function 'exit' [enabled by default]
       exit(2);
       ^
configure:3372: $? = 0
configure:3374: ./conftest
configure:3377: $? = 0
configure:3392: result: yes
configure:3416: checking for sys/types.h
configure:3432: gcc -c -g -O2  conftest.c >&5
configure:3438: $? = 0
configure:3441: test -z 			 || test ! -s conftest.err
configure:3444: $? = 0
configure:3447: test -s conftest.o
configure:3450: $? = 0
configure:3461: result: yes
configure:3416: checking for sys/stat.h
configure:3432: gcc -c -g -O2  conftest.c >&5
configure:3438: $? = 0
configure:3441: test -z 			 || test ! -s conftest.err
configure:3444: $? = 0
configure:3447: test -s conftest.o
configure:3450: $? = 0
configure:3461: result: yes
configure:3416: checking for stdlib.h
configure:3432: gcc -c -g -O2  conftest.c >&5
configure:3438: $? = 0
configure:3441: test -z 			 || test ! -s conftest.err
configure:3444: $? = 0
configure:3447: test -s conftest.o
configure:3450: $? = 0
configure:3461: result: yes
configure:3416: checking for string.h
configure:3432: gcc -c -g -O2  conftest.c >&5
configure:3438: $? = 0
configure:3441: test -z 			 || test ! -s conftest.err
configure:3444: $? = 0
configure:3447: test -s conftest.o
configure:3450: $? = 0
configure:3461: result: yes
configure:3416: checking for memory.h
configure:3432: gcc -c -g -O2  conftest.c >&5
configure:3438: $? = 0
configure:3441: test -z 			 || test ! -s conftest.err
configure:3444: $? = 0
configure:3447: test -s conftest.o
configure:3450: $? = 0
configure:3461: result: yes
configure:3416: checking for strings.h
configure:3432: gcc -c -g -O2  conftest.c >&5
configure:3438: $? = 0
configure:3441: test -z 			 || test ! -s conftest.err
configure:3444: $? = 0
configure:3447: test -s conftest.o
configure:3450: $? = 0
configure:3461: result: yes
configure:3416: checking for inttypes.h
configure:3432: gcc -c -g -O2  conftest.c >&5
configure:3438: $? = 0
configure:3441: test -z 			 || test ! -s conftest.err
configure:3444: $? = 0
configure:3447: test -s conftest.o
configure:3450: $? = 0
configure:3461: result: yes
configure:3416: checking for stdint.h
configure:3432: gcc -c -g -O2  conftest.c >&5
configure:3438: $? = 0
configure:3441: test -z 			 || test ! -s conftest.err
configure:3444: $? = 0
configure:3447: test -s conftest.o
configure:3450: $? = 0
configure:3461: result: yes
configure:3416: checking for unistd.h
configure:3432: gcc -c -g -O2  conftest.c >&5
configure:3438: $? = 0
configure:3441: test -z 			 || test ! -s conftest.err
configure:3444: $? = 0
configure:3447: test -s conftest.o
configure:3450: $? = 0
configure:3461: result: yes
configure:3478: checking for stdlib.h
configure:3483: result: yes
configure:3622: checking for GNU libc compatible malloc
configure:3651: gcc -o conftest -g -O2   conftest.c  >&5
configure:3654: $? = 0
configure:3656: ./conftest
configure:3659: $? = 0
configure:3673: result: yes
configure:3766: checking system
configure:3785: result: UNIX (GNU/Linux)
configure:3941: checking for gcc
configure:3967: result: gcc
configure:4211: checking for C compiler version
configure:4214: gcc --version </dev/null >&5
gcc (Ubuntu 4.8.4-2ubuntu1~14.04) 4.8.4
Copyright (C) 2013 Free Software Foundation, Inc.
This is free software; see the source for copying conditions.  There is NO
warranty; not even for MERCHANTABILITY or FITNESS FOR A PARTICULAR PURPOSE.

configure:4217: $? = 0
configure:4219: gcc -v </dev/null >&5
Using built-in specs.
COLLECT_GCC=gcc
COLLECT_LTO_WRAPPER=/usr/lib/gcc/x86_64-linux-gnu/4.8/lto-wrapper
Target: x86_64-linux-gnu
Configured with: ../src/configure -v --with-pkgversion='Ubuntu 4.8.4-2ubuntu1~14.04' --with-bugurl=file:///usr/share/doc/gcc-4.8/README.Bugs --enable-languages=c,c++,java,go,d,fortran,objc,obj-c++ --prefix=/usr --program-suffix=-4.8 --enable-shared --enable-linker-build-id --libexecdir=/usr/lib --without-included-gettext --enable-threads=posix --with-gxx-include-dir=/usr/include/c++/4.8 --libdir=/usr/lib --enable-nls --with-sysroot=/ --enable-clocale=gnu --enable-libstdcxx-debug --enable-libstdcxx-time=yes --enable-gnu-unique-object --disable-libmudflap --enable-plugin --with-system-zlib --disable-browser-plugin --enable-java-awt=gtk --enable-gtk-cairo --with-java-home=/usr/lib/jvm/java-1.5.0-gcj-4.8-amd64/jre --enable-java-home --with-jvm-root-dir=/usr/lib/jvm/java-1.5.0-gcj-4.8-amd64 --with-jvm-jar-dir=/usr/lib/jvm-exports/java-1.5.0-gcj-4.8-amd64 --with-arch-directory=amd64 --with-ecj-jar=/usr/share/java/eclipse-ecj.jar --enable-objc-gc --enable-multiarch --disable-werror --with-arch-32=i686 --with-abi=m64 --with-multilib-list=m32,m64,mx32 --with-tune=generic --enable-checking=release --build=x86_64-linux-gnu --host=x86_64-linux-gnu --target=x86_64-linux-gnu
Thread model: posix
gcc version 4.8.4 (Ubuntu 4.8.4-2ubuntu1~14.04) 
configure:4222: $? = 0
configure:4224: gcc -V </dev/null >&5
gcc: error: unrecognized command line option '-V'
gcc: fatal error: no input files
compilation terminated.
configure:4227: $? = 4
configure:4230: checking whether we are using the GNU C compiler
configure:4285: result: yes
configure:4291: checking whether gcc accepts -g
configure:4341: result: yes
configure:4358: checking for gcc option to accept ANSI C
configure:4464: result: none needed
configure:4482: gcc -c -g -O2  conftest.c >&5
conftest.c:2:3: error: unknown type name 'choke'
   choke me
   ^
conftest.c:2:3: error: expected '=', ',', ';', 'asm' or '__attribute__' at end of input
configure:4488: $? = 1
configure: failed program was:
| #ifndef __cplusplus
|   choke me
| #endif
configure:4620: checking dependency style of gcc
configure:4710: result: gcc3
configure:4732: checking how to run the C preprocessor
configure:4850: result: gcc -E
configure:4874: gcc -E  conftest.c
configure:4880: $? = 0
configure:4912: gcc -E  conftest.c
conftest.c:27:28: fatal error: ac_nonexistent.h: No such file or directory
 #include <ac_nonexistent.h>
                            ^
compilation terminated.
configure:4918: $? = 1
configure: failed program was:
| /* confdefs.h.  */
| 
| #define PACKAGE_NAME "fitd"
| #define PACKAGE_TARNAME "fitd"
| #define PACKAGE_VERSION "0.1"
| #define PACKAGE_STRING "fitd 0.1"
| #define PACKAGE_BUGREPORT ""
| #define PACKAGE "fitd"
| #define VERSION "0.1"
| #define STDC_HEADERS 1
| #define HAVE_SYS_TYPES_H 1
| #define HAVE_SYS_STAT_H 1
| #define HAVE_STDLIB_H 1
| #define HAVE_STRING_H 1
| #define HAVE_MEMORY_H 1
| #define HAVE_STRINGS_H 1
| #define HAVE_INTTYPES_H 1
| #define HAVE_STDINT_H 1
| #define HAVE_UNISTD_H 1
| #define HAVE_STDLIB_H 1
| #define HAVE_MALLOC 1
| #define HAVE_MIDI 1
| #define UNIX 1
| #define LINUX 1
| #define HAVE_HOME 1
| /* end confdefs.h.  */
| #include <ac_nonexistent.h>
configure:4974: checking for a BSD-compatible install
configure:5029: result: /usr/bin/install -c
configure:5092: checking for g++
configure:5108: found /usr/bin/g++
configure:5118: result: g++
configure:5134: checking for C++ compiler version
configure:5137: g++ --version </dev/null >&5
g++ (Ubuntu 4.8.4-2ubuntu1~14.04) 4.8.4
Copyright (C) 2013 Free Software Foundation, Inc.
This is free software; see the source for copying conditions.  There is NO
warranty; not even for MERCHANTABILITY or FITNESS FOR A PARTICULAR PURPOSE.

configure:5140: $? = 0
configure:5142: g++ -v </dev/null >&5
Using built-in specs.
COLLECT_GCC=g++
COLLECT_LTO_WRAPPER=/usr/lib/gcc/x86_64-linux-gnu/4.8/lto-wrapper
Target: x86_64-linux-gnu
Configured with: ../src/configure -v --with-pkgversion='Ubuntu 4.8.4-2ubuntu1~14.04' --with-bugurl=file:///usr/share/doc/gcc-4.8/README.Bugs --enable-languages=c,c++,java,go,d,fortran,objc,obj-c++ --prefix=/usr --program-suffix=-4.8 --enable-shared --enable-linker-build-id --libexecdir=/usr/lib --without-included-gettext --enable-threads=posix --with-gxx-include-dir=/usr/include/c++/4.8 --libdir=/usr/lib --enable-nls --with-sysroot=/ --enable-clocale=gnu --enable-libstdcxx-debug --enable-libstdcxx-time=yes --enable-gnu-unique-object --disable-libmudflap --enable-plugin --with-system-zlib --disable-browser-plugin --enable-java-awt=gtk --enable-gtk-cairo --with-java-home=/usr/lib/jvm/java-1.5.0-gcj-4.8-amd64/jre --enable-java-home --with-jvm-root-dir=/usr/lib/jvm/java-1.5.0-gcj-4.8-amd64 --with-jvm-jar-dir=/usr/lib/jvm-exports/java-1.5.0-gcj-4.8-amd64 --with-arch-directory=amd64 --with-ecj-jar=/usr/share/java/eclipse-ecj.jar --enable-objc-gc --enable-multiarch --disable-werror --with-arch-32=i686 --with-abi=m64 --with-multilib-list=m32,m64,mx32 --with-tune=generic --enable-checking=release --build=x86_64-linux-gnu --host=x86_64-linux-gnu --target=x86_64-linux-gnu
Thread model: posix
gcc version 4.8.4 (Ubuntu 4.8.4-2ubuntu1~14.04) 
configure:5145: $? = 0
configure:5147: g++ -V </dev/null >&5
g++: error: unrecognized command line option '-V'
g++: fatal error: no input files
compilation terminated.
configure:5150: $? = 4
configure:5153: checking whether we are using the GNU C++ compiler
configure:5177: g++ -c   conftest.cc >&5
configure:5183: $? = 0
configure:5186: test -z 			 || test ! -s conftest.err
configure:5189: $? = 0
configure:5192: test -s conftest.o
configure:5195: $? = 0
configure:5208: result: yes
configure:5214: checking whether g++ accepts -g
configure:5235: g++ -c -g  conftest.cc >&5
configure:5241: $? = 0
configure:5244: test -z 			 || test ! -s conftest.err
configure:5247: $? = 0
configure:5250: test -s conftest.o
configure:5253: $? = 0
configure:5264: result: yes
configure:5306: g++ -c -g -O2  conftest.cc >&5
configure:5312: $? = 0
configure:5315: test -z 			 || test ! -s conftest.err
configure:5318: $? = 0
configure:5321: test -s conftest.o
configure:5324: $? = 0
configure:5350: g++ -c -g -O2  conftest.cc >&5
conftest.cc: In function 'int main()':
conftest.cc:31:9: error: 'exit' was not declared in this scope
 exit (42);
         ^
configure:5356: $? = 1
configure: failed program was:
| /* confdefs.h.  */
| 
| #define PACKAGE_NAME "fitd"
| #define PACKAGE_TARNAME "fitd"
| #define PACKAGE_VERSION "0.1"
| #define PACKAGE_STRING "fitd 0.1"
| #define PACKAGE_BUGREPORT ""
| #define PACKAGE "fitd"
| #define VERSION "0.1"
| #define STDC_HEADERS 1
| #define HAVE_SYS_TYPES_H 1
| #define HAVE_SYS_STAT_H 1
| #define HAVE_STDLIB_H 1
| #define HAVE_STRING_H 1
| #define HAVE_MEMORY_H 1
| #define HAVE_STRINGS_H 1
| #define HAVE_INTTYPES_H 1
| #define HAVE_STDINT_H 1
| #define HAVE_UNISTD_H 1
| #define HAVE_STDLIB_H 1
| #define HAVE_MALLOC 1
| #define HAVE_MIDI 1
| #define UNIX 1
| #define LINUX 1
| #define HAVE_HOME 1
| /* end confdefs.h.  */
| 
| int
| main ()
| {
| exit (42);
|   ;
|   return 0;
| }
configure:5306: g++ -c -g -O2  conftest.cc >&5
conftest.cc:27:40: error: 'void std::exit(int)' should have been declared inside 'std'
 extern "C" void std::exit (int) throw (); using std::exit;
                                        ^
configure:5312: $? = 1
configure: failed program was:
| /* confdefs.h.  */
| 
| #define PACKAGE_NAME "fitd"
| #define PACKAGE_TARNAME "fitd"
| #define PACKAGE_VERSION "0.1"
| #define PACKAGE_STRING "fitd 0.1"
| #define PACKAGE_BUGREPORT ""
| #define PACKAGE "fitd"
| #define VERSION "0.1"
| #define STDC_HEADERS 1
| #define HAVE_SYS_TYPES_H 1
| #define HAVE_SYS_STAT_H 1
| #define HAVE_STDLIB_H 1
| #define HAVE_STRING_H 1
| #define HAVE_MEMORY_H 1
| #define HAVE_STRINGS_H 1
| #define HAVE_INTTYPES_H 1
| #define HAVE_STDINT_H 1
| #define HAVE_UNISTD_H 1
| #define HAVE_STDLIB_H 1
| #define HAVE_MALLOC 1
| #define HAVE_MIDI 1
| #define UNIX 1
| #define LINUX 1
| #define HAVE_HOME 1
| /* end confdefs.h.  */
| extern "C" void std::exit (int) throw (); using std::exit;
| #include <stdlib.h>
| int
| main ()
| {
| exit (42);
|   ;
|   return 0;
| }
configure:5306: g++ -c -g -O2  conftest.cc >&5
conftest.cc:27:31: error: 'void std::exit(int)' should have been declared inside 'std'
 extern "C" void std::exit (int); using std::exit;
                               ^
In file included from conftest.cc:28:0:
/usr/include/stdlib.h:543:70: error: declaration of 'void std::exit(int) throw ()' has a different exception specifier
 extern void exit (int __status) __THROW __attribute__ ((__noreturn__));
                                                                      ^
conftest.cc:27:17: error: from previous declaration 'void std::exit(int)'
 extern "C" void std::exit (int); using std::exit;
                 ^
configure:5312: $? = 1
configure: failed program was:
| /* confdefs.h.  */
| 
| #define PACKAGE_NAME "fitd"
| #define PACKAGE_TARNAME "fitd"
| #define PACKAGE_VERSION "0.1"
| #define PACKAGE_STRING "fitd 0.1"
| #define PACKAGE_BUGREPORT ""
| #define PACKAGE "fitd"
| #define VERSION "0.1"
| #define STDC_HEADERS 1
| #define HAVE_SYS_TYPES_H 1
| #define HAVE_SYS_STAT_H 1
| #define HAVE_STDLIB_H 1
| #define HAVE_STRING_H 1
| #define HAVE_MEMORY_H 1
| #define HAVE_STRINGS_H 1
| #define HAVE_INTTYPES_H 1
| #define HAVE_STDINT_H 1
| #define HAVE_UNISTD_H 1
| #define HAVE_STDLIB_H 1
| #define HAVE_MALLOC 1
| #define HAVE_MIDI 1
| #define UNIX 1
| #define LINUX 1
| #define HAVE_HOME 1
| /* end confdefs.h.  */
| extern "C" void std::exit (int); using std::exit;
| #include <stdlib.h>
| int
| main ()
| {
| exit (42);
|   ;
|   return 0;
| }
configure:5306: g++ -c -g -O2  conftest.cc >&5
configure:5312: $? = 0
configure:5315: test -z 			 || test ! -s conftest.err
configure:5318: $? = 0
configure:5321: test -s conftest.o
configure:5324: $? = 0
configure:5350: g++ -c -g -O2  conftest.cc >&5
configure:5356: $? = 0
configure:5359: test -z 			 || test ! -s conftest.err
configure:5362: $? = 0
configure:5365: test -s conftest.o
configure:5368: $? = 0
configure:5393: checking dependency style of g++
configure:5483: result: gcc3
configure:5503: checking if we should use GCC PCH
configure:5522: result: no
configure:5545: checking how to run the C++ preprocessor
configure:5576: g++ -E  conftest.cc
configure:5582: $? = 0
configure:5614: g++ -E  conftest.cc
conftest.cc:30:28: fatal error: ac_nonexistent.h: No such file or directory
 #include <ac_nonexistent.h>
                            ^
compilation terminated.
configure:5620: $? = 1
configure: failed program was:
| /* confdefs.h.  */
| 
| #define PACKAGE_NAME "fitd"
| #define PACKAGE_TARNAME "fitd"
| #define PACKAGE_VERSION "0.1"
| #define PACKAGE_STRING "fitd 0.1"
| #define PACKAGE_BUGREPORT ""
| #define PACKAGE "fitd"
| #define VERSION "0.1"
| #define STDC_HEADERS 1
| #define HAVE_SYS_TYPES_H 1
| #define HAVE_SYS_STAT_H 1
| #define HAVE_STDLIB_H 1
| #define HAVE_STRING_H 1
| #define HAVE_MEMORY_H 1
| #define HAVE_STRINGS_H 1
| #define HAVE_INTTYPES_H 1
| #define HAVE_STDINT_H 1
| #define HAVE_UNISTD_H 1
| #define HAVE_STDLIB_H 1
| #define HAVE_MALLOC 1
| #define HAVE_MIDI 1
| #define UNIX 1
| #define LINUX 1
| #define HAVE_HOME 1
| #ifdef __cplusplus
| extern "C" void exit (int) throw ();
| #endif
| /* end confdefs.h.  */
| #include <ac_nonexistent.h>
configure:5659: result: g++ -E
configure:5683: g++ -E  conftest.cc
configure:5689: $? = 0
configure:5721: g++ -E  conftest.cc
conftest.cc:30:28: fatal error: ac_nonexistent.h: No such file or directory
 #include <ac_nonexistent.h>
                            ^
compilation terminated.
configure:5727: $? = 1
configure: failed program was:
| /* confdefs.h.  */
| 
| #define PACKAGE_NAME "fitd"
| #define PACKAGE_TARNAME "fitd"
| #define PACKAGE_VERSION "0.1"
| #define PACKAGE_STRING "fitd 0.1"
| #define PACKAGE_BUGREPORT ""
| #define PACKAGE "fitd"
| #define VERSION "0.1"
| #define STDC_HEADERS 1
| #define HAVE_SYS_TYPES_H 1
| #define HAVE_SYS_STAT_H 1
| #define HAVE_STDLIB_H 1
| #define HAVE_STRING_H 1
| #define HAVE_MEMORY_H 1
| #define HAVE_STRINGS_H 1
| #define HAVE_INTTYPES_H 1
| #define HAVE_STDINT_H 1
| #define HAVE_UNISTD_H 1
| #define HAVE_STDLIB_H 1
| #define HAVE_MALLOC 1
| #define HAVE_MIDI 1
| #define UNIX 1
| #define LINUX 1
| #define HAVE_HOME 1
| #ifdef __cplusplus
| extern "C" void exit (int) throw ();
| #endif
| /* end confdefs.h.  */
| #include <ac_nonexistent.h>
configure:5771: checking for ANSI C header files
configure:5926: result: yes
configure:5951: checking sstream usability
configure:5963: g++ -c -g -O2  conftest.cc >&5
configure:5969: $? = 0
configure:5972: test -z 			 || test ! -s conftest.err
configure:5975: $? = 0
configure:5978: test -s conftest.o
configure:5981: $? = 0
configure:5991: result: yes
configure:5995: checking sstream presence
configure:6005: g++ -E  conftest.cc
configure:6011: $? = 0
configure:6031: result: yes
configure:6066: checking for sstream
configure:6073: result: yes
configure:6093: checking for unistd.h
configure:6098: result: yes
configure:6093: checking for sys/types.h
configure:6098: result: yes
configure:6093: checking for sys/stat.h
configure:6098: result: yes
configure:6246: checking for short
configure:6270: g++ -c -g -O2  conftest.cc >&5
configure:6276: $? = 0
configure:6279: test -z 			 || test ! -s conftest.err
configure:6282: $? = 0
configure:6285: test -s conftest.o
configure:6288: $? = 0
configure:6299: result: yes
configure:6302: checking size of short
configure:6614: g++ -o conftest -g -O2   conftest.cc  -lGL -lGLU >&5
/usr/bin/ld: cannot find -lGLU
collect2: error: ld returned 1 exit status
configure:6617: $? = 1
configure: program exited with status 1
configure: failed program was:
| /* confdefs.h.  */
| 
| #define PACKAGE_NAME "fitd"
| #define PACKAGE_TARNAME "fitd"
| #define PACKAGE_VERSION "0.1"
| #define PACKAGE_STRING "fitd 0.1"
| #define PACKAGE_BUGREPORT ""
| #define PACKAGE "fitd"
| #define VERSION "0.1"
| #define STDC_HEADERS 1
| #define HAVE_SYS_TYPES_H 1
| #define HAVE_SYS_STAT_H 1
| #define HAVE_STDLIB_H 1
| #define HAVE_STRING_H 1
| #define HAVE_MEMORY_H 1
| #define HAVE_STRINGS_H 1
| #define HAVE_INTTYPES_H 1
| #define HAVE_STDINT_H 1
| #define HAVE_UNISTD_H 1
| #define HAVE_STDLIB_H 1
| #define HAVE_MALLOC 1
| #define HAVE_MIDI 1
| #define UNIX 1
| #define LINUX 1
| #define HAVE_HOME 1
| #ifdef __cplusplus
| extern "C" void exit (int) throw ();
| #endif
| #define STDC_HEADERS 1
| #define HAVE_SSTREAM 1
| #define HAVE_UNISTD_H 1
| #define HAVE_SYS_TYPES_H 1
| #define HAVE_SYS_STAT_H 1
| /* end confdefs.h.  */
| #include <stdio.h>
| #if HAVE_SYS_TYPES_H
| # include <sys/types.h>
| #endif
| #if HAVE_SYS_STAT_H
| # include <sys/stat.h>
| #endif
| #if STDC_HEADERS
| # include <stdlib.h>
| # include <stddef.h>
| #else
| # if HAVE_STDLIB_H
| #  include <stdlib.h>
| # endif
| #endif
| #if HAVE_STRING_H
| # if !STDC_HEADERS && HAVE_MEMORY_H
| #  include <memory.h>
| # endif
| # include <string.h>
| #endif
| #if HAVE_STRINGS_H
| # include <strings.h>
| #endif
| #if HAVE_INTTYPES_H
| # include <inttypes.h>
| #else
| # if HAVE_STDINT_H
| #  include <stdint.h>
| # endif
| #endif
| #if HAVE_UNISTD_H
| # include <unistd.h>
| #endif
| long longval () { return (long) (sizeof (short)); }
| unsigned long ulongval () { return (long) (sizeof (short)); }
| #include <stdio.h>
| #include <stdlib.h>
| int
| main ()
| {
| 
|   FILE *f = fopen ("conftest.val", "w");
|   if (! f)
|     exit (1);
|   if (((long) (sizeof (short))) < 0)
|     {
|       long i = longval ();
|       if (i != ((long) (sizeof (short))))
| 	exit (1);
|       fprintf (f, "%ld\n", i);
|     }
|   else
|     {
|       unsigned long i = ulongval ();
|       if (i != ((long) (sizeof (short))))
| 	exit (1);
|       fprintf (f, "%lu\n", i);
|     }
|   exit (ferror (f) || fclose (f) != 0);
| 
|   ;
|   return 0;
| }
configure:6632: error: cannot compute sizeof (short), 77
See `config.log' for more details.

## ---------------- ##
## Cache variables. ##
## ---------------- ##

ac_cv_build=x86_64-unknown-linux-gnu
ac_cv_build_alias=x86_64-unknown-linux-gnu
ac_cv_c_compiler_gnu=yes
ac_cv_cxx_compiler_gnu=yes
ac_cv_env_CC_set=
ac_cv_env_CC_value=
ac_cv_env_CFLAGS_set=
ac_cv_env_CFLAGS_value=
ac_cv_env_CPPFLAGS_set=
ac_cv_env_CPPFLAGS_value=
ac_cv_env_CPP_set=
ac_cv_env_CPP_value=
ac_cv_env_CXXCPP_set=
ac_cv_env_CXXCPP_value=
ac_cv_env_CXXFLAGS_set=
ac_cv_env_CXXFLAGS_value=
ac_cv_env_CXX_set=
ac_cv_env_CXX_value=
ac_cv_env_LDFLAGS_set=
ac_cv_env_LDFLAGS_value=
ac_cv_env_build_alias_set=
ac_cv_env_build_alias_value=
ac_cv_env_host_alias_set=
ac_cv_env_host_alias_value=
ac_cv_env_target_alias_set=
ac_cv_env_target_alias_value=
ac_cv_exeext=
ac_cv_func_malloc_0_nonnull=yes
ac_cv_header_inttypes_h=yes
ac_cv_header_memory_h=yes
ac_cv_header_sstream=yes
ac_cv_header_stdc=yes
ac_cv_header_stdint_h=yes
ac_cv_header_stdlib_h=yes
ac_cv_header_string_h=yes
ac_cv_header_strings_h=yes
ac_cv_header_sys_stat_h=yes
ac_cv_header_sys_types_h=yes
ac_cv_header_unistd_h=yes
ac_cv_host=x86_64-unknown-linux-gnu
ac_cv_host_alias=x86_64-unknown-linux-gnu
ac_cv_objext=o
ac_cv_path_install='/usr/bin/install -c'
ac_cv_prog_AWK=gawk
ac_cv_prog_CPP='gcc -E'
ac_cv_prog_CXXCPP='g++ -E'
ac_cv_prog_ac_ct_CC=gcc
ac_cv_prog_ac_ct_CXX=g++
ac_cv_prog_cc_g=yes
ac_cv_prog_cc_stdc=
ac_cv_prog_cxx_g=yes
ac_cv_prog_egrep='grep -E'
ac_cv_prog_make_make_set=yes
ac_cv_target=x86_64-unknown-linux-gnu
ac_cv_target_alias=x86_64-unknown-linux-gnu
ac_cv_type_short=yes
am_cv_CC_dependencies_compiler_type=gcc3
am_cv_CXX_dependencies_compiler_type=gcc3

## ----------------- ##
## Output variables. ##
## ----------------- ##

ACLOCAL='aclocal'
AMDEPBACKSLASH='\'
AMDEP_FALSE='#'
AMDEP_TRUE=''
AMTAR='${SHELL} /home/igor/proj/tombexcavator-0/unsorted/gsrc/fitd-0.1/missing --run tar'
AUTOCONF='autoconf'
AUTOHEADER='autoheader'
AUTOMAKE='automake'
AWK='gawk'
CC='gcc'
CCDEPMODE='depmode=gcc3'
CFLAGS='-g -O2'
CPP='gcc -E'
CPPFLAGS=''
CXX='g++'
CXXCPP='g++ -E'
CXXDEPMODE='depmode=gcc3'
CXXFLAGS='-g -O2'
CYGPATH_W='echo'
DATAPATH='${prefix}/share/fitd'
DEFS=''
DEPDIR='.deps'
ECHO_C=''
ECHO_N='-n'
ECHO_T=''
EGREP='grep -E'
EMPTY_FILE='/dev/null'
EXEEXT=''
INSTALL_DATA='${INSTALL} -m 644'
INSTALL_PROGRAM='${INSTALL}'
INSTALL_SCRIPT='${INSTALL}'
INSTALL_STRIP_PROGRAM='${SHELL} $(install_sh) -c -s'
LDFLAGS=''
LIBOBJS=''
LIBS=' -lGL -lGLU'
LTLIBOBJS=''
MAKEINFO='${SHELL} /home/igor/proj/tombexcavator-0/unsorted/gsrc/fitd-0.1/missing --run makeinfo'
MKDIR='mkdir -p'
OBJEXT='o'
PACKAGE='fitd'
PACKAGE_BUGREPORT=''
PACKAGE_NAME='fitd'
PACKAGE_STRING='fitd 0.1'
PACKAGE_TARNAME='fitd'
PACKAGE_VERSION='0.1'
PATH_SEPARATOR=':'
PROFILE=''
RM='rm -f'
SDL_CFLAGS=''
SDL_CONFIG=''
SDL_LIBS=''
SET_MAKE=''
SHELL='/bin/bash'
STRIP=''
USE_PCH='no'
VERSION='0.1'
WARNINGS=''
ac_ct_CC='gcc'
ac_ct_CXX='g++'
ac_ct_STRIP=''
am__fastdepCC_FALSE='#'
am__fastdepCC_TRUE=''
am__fastdepCXX_FALSE='#'
am__fastdepCXX_TRUE=''
am__include='include'
am__leading_dot='.'
am__quote=''
bindir='${exec_prefix}/bin'
build='x86_64-unknown-linux-gnu'
build_alias=''
build_cpu='x86_64'
build_os='linux-gnu'
build_vendor='unknown'
datadir='${prefix}/share'
exec_prefix='NONE'
host='x86_64-unknown-linux-gnu'
host_alias=''
host_cpu='x86_64'
host_os='linux-gnu'
host_vendor='unknown'
includedir='${prefix}/include'
infodir='${prefix}/info'
install_sh='/home/igor/proj/tombexcavator-0/unsorted/gsrc/fitd-0.1/install-sh'
libdir='${exec_prefix}/lib'
libexecdir='${exec_prefix}/libexec'
localstatedir='${prefix}/var'
mandir='${prefix}/man'
mkdir_p='mkdir -p -- .'
oldincludedir='/usr/include'
prefix='NONE'
program_transform_name='s,x,x,'
sbindir='${exec_prefix}/sbin'
sharedstatedir='${prefix}/com'
sysconfdir='${prefix}/etc'
target='x86_64-unknown-linux-gnu'
target_alias=''
target_cpu='x86_64'
target_os='linux-gnu'
target_vendor='unknown'

## ----------- ##
## confdefs.h. ##
## ----------- ##

#define HAVE_HOME 1
#define HAVE_INTTYPES_H 1
#define HAVE_MALLOC 1
#define HAVE_MEMORY_H 1
#define HAVE_MIDI 1
#define HAVE_SSTREAM 1
#define HAVE_STDINT_H 1
#define HAVE_STDLIB_H 1
#define HAVE_STDLIB_H 1
#define HAVE_STRINGS_H 1
#define HAVE_STRING_H 1
#define HAVE_SYS_STAT_H 1
#define HAVE_SYS_STAT_H 1
#define HAVE_SYS_TYPES_H 1
#define HAVE_SYS_TYPES_H 1
#define HAVE_UNISTD_H 1
#define HAVE_UNISTD_H 1
#define LINUX 1
#define PACKAGE "fitd"
#define PACKAGE_BUGREPORT ""
#define PACKAGE_NAME "fitd"
#define PACKAGE_STRING "fitd 0.1"
#define PACKAGE_TARNAME "fitd"
#define PACKAGE_VERSION "0.1"
#define STDC_HEADERS 1
#define STDC_HEADERS 1
#define UNIX 1
#define VERSION "0.1"
#endif
#ifdef __cplusplus
extern "C" void exit (int) throw ();

configure: exit 1
